<?xml version="1.0" encoding="UTF-8"?>
<!-- Generated by org.testng.reporters.JUnitReportReporter -->
<testsuite hostname="DESKTOP-E1AGTKN" failures="0" tests="1" name="Tests.OrderApisTest" time="5.306" errors="0" timestamp="2023-07-20T12:11:03 EET" skipped="0">
  <testcase classname="Tests.OrderApisTest" name="testPostOrder" time="5.306"/>
</testsuite> <!-- Tests.OrderApisTest -->
