<?xml version="1.0" encoding="UTF-8"?>
<!-- Generated by org.testng.reporters.JUnitReportReporter -->
<testsuite hostname="DESKTOP-E1AGTKN" failures="0" tests="2" name="Tests.TC01_BookApiTest" time="2.192" errors="0" timestamp="2023-07-22T13:07:03 EET" skipped="0">
  <testcase classname="Tests.TC01_BookApiTest" name="GetBooklst" time="1.045"/>
  <testcase classname="Tests.TC01_BookApiTest" name="GetSpecificBook" time="1.147"/>
</testsuite> <!-- Tests.TC01_BookApiTest -->
