<?xml version="1.0" encoding="UTF-8"?>
<!-- Generated by org.testng.reporters.JUnitReportReporter -->
<testsuite hostname="DESKTOP-E1AGTKN" failures="0" tests="4" name="Tests.TC02_OrderApisTest" time="9.507" errors="0" timestamp="2023-07-22T13:07:03 EET" skipped="0">
  <testcase classname="Tests.TC02_OrderApisTest" name="testCreateOrder" time="5.875"/>
  <testcase classname="Tests.TC02_OrderApisTest" name="testGetCreatedOrder" time="1.090"/>
  <testcase classname="Tests.TC02_OrderApisTest" name="testUpdateOrder" time="1.221"/>
  <testcase classname="Tests.TC02_OrderApisTest" name="testDeleteOrder" time="1.321"/>
</testsuite> <!-- Tests.TC02_OrderApisTest -->
