<?xml version="1.0" encoding="UTF-8"?>
<!-- Generated by org.testng.reporters.JUnitReportReporter -->
<testsuite hostname="DESKTOP-E1AGTKN" failures="0" tests="1" name="Tests.TC01_BookApiTest" time="2.159" errors="0" timestamp="2023-07-23T16:57:41 EET" skipped="0">
  <testcase classname="Tests.TC01_BookApiTest" name="GetBooklst" time="2.159"/>
</testsuite> <!-- Tests.TC01_BookApiTest -->
