<?xml version="1.0" encoding="UTF-8"?>
<!-- Generated by org.testng.reporters.JUnitReportReporter -->
<testsuite hostname="DESKTOP-E1AGTKN" failures="0" tests="4" name="Tests.TC02_OrderApisTest" time="6.520" errors="0" timestamp="2023-07-25T23:04:47 EET" skipped="0">
  <testcase classname="Tests.TC02_OrderApisTest" name="testCreateOrder" time="2.839"/>
  <testcase classname="Tests.TC02_OrderApisTest" name="testGetCreatedOrder" time="1.104"/>
  <testcase classname="Tests.TC02_OrderApisTest" name="testUpdateOrder" time="0.992"/>
  <testcase classname="Tests.TC02_OrderApisTest" name="testDeleteOrder" time="1.585"/>
</testsuite> <!-- Tests.TC02_OrderApisTest -->
