<?xml version="1.0" encoding="UTF-8"?>
<!-- Generated by org.testng.reporters.JUnitReportReporter -->
<testsuite hostname="DESKTOP-E1AGTKN" failures="0" tests="2" name="Tests.TC01_BookApiTest" time="3.524" errors="0" timestamp="2023-07-25T20:55:59 EET" skipped="0">
  <testcase classname="Tests.TC01_BookApiTest" name="GetBooklst" time="2.076"/>
  <testcase classname="Tests.TC01_BookApiTest" name="GetSpecificBook" time="1.448"/>
</testsuite> <!-- Tests.TC01_BookApiTest -->
