<?xml version="1.0" encoding="UTF-8"?>
<!-- Generated by org.testng.reporters.JUnitReportReporter -->
<testsuite hostname="DESKTOP-E1AGTKN" failures="0" tests="2" name="Tests.TC01_BookApiTest" time="1.783" errors="0" timestamp="2023-07-25T23:04:47 EET" skipped="0">
  <testcase classname="Tests.TC01_BookApiTest" name="GetBooklst" time="0.901"/>
  <testcase classname="Tests.TC01_BookApiTest" name="GetSpecificBook" time="0.882"/>
</testsuite> <!-- Tests.TC01_BookApiTest -->
