<?xml version="1.0" encoding="UTF-8"?>
<!-- Generated by org.testng.reporters.JUnitReportReporter -->
<testsuite hostname="DESKTOP-E1AGTKN" failures="0" tests="4" name="Tests.TC02_OrderApisTest" time="5.587" errors="0" timestamp="2023-07-23T15:14:45 EET" skipped="0">
  <testcase classname="Tests.TC02_OrderApisTest" name="testCreateOrder" time="2.675"/>
  <testcase classname="Tests.TC02_OrderApisTest" name="testGetCreatedOrder" time="0.931"/>
  <testcase classname="Tests.TC02_OrderApisTest" name="testUpdateOrder" time="1.004"/>
  <testcase classname="Tests.TC02_OrderApisTest" name="testDeleteOrder" time="0.977"/>
</testsuite> <!-- Tests.TC02_OrderApisTest -->
